<?xml version="1.0" encoding="UTF-8"?>
<!-- Generated by org.testng.reporters.JUnitXMLReporter -->
<testsuite ignored="0" hostname="LAPTOP-EEAS1CV9" failures="0" tests="20" name="Test3" time="41.956" errors="0" timestamp="20 Jun 2025 07:49:37 GMT">
  <testcase classname="com.Ecommerce.login.InvalidLoginFunctionalityTest" name="invalidLoginTest" time="2.152"/>
  <testcase classname="com.Ecommerce.login.InvalidLoginFunctionalityTest" name="invalidLoginTest" time="1.522"/>
  <testcase classname="com.Ecommerce.login.InvalidLoginFunctionalityTest" name="invalidLoginTest" time="1.598"/>
  <testcase classname="com.Ecommerce.login.InvalidLoginFunctionalityTest" name="invalidLoginTest" time="1.665"/>
  <testcase classname="com.Ecommerce.login.InvalidLoginFunctionalityTest" name="invalidLoginTest" time="1.616"/>
  <testcase classname="com.Ecommerce.login.InvalidLoginFunctionalityTest" name="invalidLoginTest" time="1.709"/>
  <testcase classname="com.Ecommerce.login.InvalidLoginFunctionalityTest" name="invalidLoginTest" time="1.648"/>
  <testcase classname="com.Ecommerce.login.InvalidLoginFunctionalityTest" name="invalidLoginTest" time="1.544"/>
  <testcase classname="com.Ecommerce.login.InvalidLoginFunctionalityTest" name="invalidLoginTest" time="1.613"/>
  <testcase classname="com.Ecommerce.login.InvalidLoginFunctionalityTest" name="invalidLoginTest" time="1.517"/>
  <testcase classname="com.Ecommerce.login.InvalidLoginFunctionalityTest" name="invalidLoginTest" time="1.501"/>
  <testcase classname="com.Ecommerce.login.InvalidLoginFunctionalityTest" name="invalidLoginTest" time="1.575"/>
  <testcase classname="com.Ecommerce.login.InvalidLoginFunctionalityTest" name="invalidLoginTest" time="1.651"/>
  <testcase classname="com.Ecommerce.login.InvalidLoginFunctionalityTest" name="invalidLoginTest" time="1.562"/>
  <testcase classname="com.Ecommerce.login.InvalidLoginFunctionalityTest" name="invalidLoginTest" time="1.579"/>
  <testcase classname="com.Ecommerce.login.InvalidLoginFunctionalityTest" name="invalidLoginTest" time="1.613"/>
  <testcase classname="com.Ecommerce.login.InvalidLoginFunctionalityTest" name="invalidLoginTest" time="1.636"/>
  <testcase classname="com.Ecommerce.login.InvalidLoginFunctionalityTest" name="invalidLoginTest" time="2.278"/>
  <testcase classname="com.Ecommerce.login.InvalidLoginFunctionalityTest" name="invalidLoginTest" time="1.712"/>
  <testcase classname="com.Ecommerce.login.InvalidLoginFunctionalityTest" name="invalidLoginTest" time="1.56"/>
</testsuite> <!-- Test3 -->
