<?xml version="1.0" encoding="UTF-8"?>
<!-- Generated by org.testng.reporters.JUnitXMLReporter -->
<testsuite ignored="8" hostname="LAPTOP-EEAS1CV9" failures="1" tests="71" name="Test" time="280.934" errors="0" timestamp="19 Jun 2025 09:27:25 GMT">
  <testcase classname="com.Ecommerce.register.RegisterFunctionalityTest" name="registerTest" time="4.212"/>
  <testcase classname="com.Ecommerce.register.RegisterFunctionalityTest" name="registerTest" time="3.501"/>
  <testcase classname="com.Ecommerce.register.RegisterFunctionalityTest" name="registerTest" time="3.222"/>
  <testcase classname="com.Ecommerce.register.RegisterFunctionalityTest" name="registerTest" time="3.259"/>
  <testcase classname="com.Ecommerce.register.RegisterFunctionalityTest" name="registerTest" time="3.838"/>
  <testcase classname="com.Ecommerce.register.RegisterFunctionalityTest" name="registerTest" time="3.184"/>
  <testcase classname="com.Ecommerce.register.RegisterFunctionalityTest" name="registerTest" time="3.399"/>
  <testcase classname="com.Ecommerce.register.RegisterFunctionalityTest" name="registerTest" time="3.336"/>
  <testcase classname="com.Ecommerce.register.RegisterFunctionalityTest" name="registerTest" time="3.295"/>
  <testcase classname="com.Ecommerce.register.RegisterFunctionalityTest" name="registerTest" time="3.671"/>
  <testcase classname="com.Ecommerce.register.RegisterFunctionalityTest" name="registerTest" time="3.556"/>
  <testcase classname="com.Ecommerce.register.RegisterFunctionalityTest" name="registerTest" time="3.867"/>
  <testcase classname="com.Ecommerce.register.RegisterFunctionalityTest" name="registerTest" time="3.483"/>
  <testcase classname="com.Ecommerce.register.RegisterFunctionalityTest" name="registerTest" time="3.287"/>
  <testcase classname="com.Ecommerce.register.RegisterFunctionalityTest" name="registerTest" time="3.92"/>
  <testcase classname="com.Ecommerce.register.RegisterFunctionalityTest" name="registerTest" time="3.399"/>
  <testcase classname="com.Ecommerce.register.RegisterFunctionalityTest" name="registerTest" time="4.098"/>
  <testcase classname="com.Ecommerce.register.RegisterFunctionalityTest" name="registerTest" time="3.327"/>
  <testcase classname="com.Ecommerce.register.RegisterFunctionalityTest" name="registerTest" time="3.507"/>
  <testcase classname="com.Ecommerce.register.RegisterFunctionalityTest" name="registerTest" time="4.009"/>
  <testcase classname="com.Ecommerce.register.RegisterFunctionalityTest" name="registerTest" time="3.663"/>
  <testcase classname="com.Ecommerce.register.RegisterFunctionalityTest" name="registerTest" time="3.553"/>
  <testcase classname="com.Ecommerce.register.RegisterFunctionalityTest" name="registerTest" time="4.306"/>
  <testcase classname="com.Ecommerce.register.RegisterFunctionalityTest" name="registerTest" time="3.749"/>
  <testcase classname="com.Ecommerce.register.RegisterFunctionalityTest" name="registerTest" time="3.531"/>
  <testcase classname="com.Ecommerce.register.RegisterFunctionalityTest" name="registerTest" time="3.317"/>
  <testcase classname="com.Ecommerce.register.RegisterFunctionalityTest" name="registerTest" time="3.209"/>
  <testcase classname="com.Ecommerce.register.RegisterFunctionalityTest" name="registerTest" time="3.283"/>
  <testcase classname="com.Ecommerce.register.RegisterFunctionalityTest" name="registerTest" time="4.04"/>
  <testcase classname="com.Ecommerce.register.RegisterFunctionalityTest" name="registerTest" time="3.506"/>
  <testcase classname="com.Ecommerce.register.RegisterFunctionalityTest" name="registerTest" time="4.535"/>
  <testcase classname="com.Ecommerce.register.RegisterFunctionalityTest" name="registerTest" time="3.319"/>
  <testcase classname="com.Ecommerce.register.RegisterFunctionalityTest" name="registerTest" time="3.743"/>
  <testcase classname="com.Ecommerce.register.RegisterFunctionalityTest" name="registerTest" time="3.257"/>
  <testcase classname="com.Ecommerce.register.RegisterFunctionalityTest" name="registerTest" time="3.365"/>
  <testcase classname="com.Ecommerce.register.RegisterFunctionalityTest" name="registerTest" time="3.383"/>
  <testcase classname="com.Ecommerce.register.RegisterFunctionalityTest" name="registerTest" time="3.315"/>
  <testcase classname="com.Ecommerce.register.RegisterFunctionalityTest" name="registerTest" time="4.14"/>
  <testcase classname="com.Ecommerce.register.RegisterFunctionalityTest" name="registerTest" time="3.352"/>
  <testcase classname="com.Ecommerce.register.RegisterFunctionalityTest" name="registerTest" time="3.33"/>
  <testcase classname="com.Ecommerce.register.RegisterFunctionalityTest" name="registerTest" time="3.469"/>
  <testcase classname="com.Ecommerce.register.RegisterFunctionalityTest" name="registerTest" time="3.906"/>
  <testcase classname="com.Ecommerce.register.RegisterFunctionalityTest" name="registerTest" time="6.458"/>
  <testcase classname="com.Ecommerce.register.RegisterFunctionalityTest" name="registerTest" time="4.088"/>
  <testcase classname="com.Ecommerce.register.RegisterFunctionalityTest" name="registerTest" time="3.937"/>
  <testcase classname="com.Ecommerce.register.RegisterFunctionalityTest" name="registerTest" time="5.478"/>
  <testcase classname="com.Ecommerce.register.RegisterFunctionalityTest" name="registerTest" time="3.623"/>
  <testcase classname="com.Ecommerce.register.RegisterFunctionalityTest" name="registerTest" time="6.162"/>
  <testcase classname="com.Ecommerce.register.RegisterFunctionalityTest" name="registerTest" time="29.493"/>
  <testcase classname="com.Ecommerce.register.RegisterFunctionalityTest" name="registerTest" time="6.466"/>
  <testcase classname="com.Ecommerce.login.ValidLoginFunctionalityTest" name="loginTest" time="7.276"/>
  <testcase classname="com.Ecommerce.login.InvalidLoginFunctionalityTest" name="invalidLoginTest" time="1.789"/>
  <testcase classname="com.Ecommerce.login.InvalidLoginFunctionalityTest" name="invalidLoginTest" time="1.494"/>
  <testcase classname="com.Ecommerce.login.InvalidLoginFunctionalityTest" name="invalidLoginTest" time="1.592"/>
  <testcase classname="com.Ecommerce.login.InvalidLoginFunctionalityTest" name="invalidLoginTest" time="1.831"/>
  <testcase classname="com.Ecommerce.login.InvalidLoginFunctionalityTest" name="invalidLoginTest" time="1.927"/>
  <testcase classname="com.Ecommerce.login.InvalidLoginFunctionalityTest" name="invalidLoginTest" time="1.439"/>
  <testcase classname="com.Ecommerce.login.InvalidLoginFunctionalityTest" name="invalidLoginTest" time="2.065"/>
  <testcase classname="com.Ecommerce.login.InvalidLoginFunctionalityTest" name="invalidLoginTest" time="2.098"/>
  <testcase classname="com.Ecommerce.login.InvalidLoginFunctionalityTest" name="invalidLoginTest" time="2.081"/>
  <testcase classname="com.Ecommerce.login.InvalidLoginFunctionalityTest" name="invalidLoginTest" time="2.064">
    <failure type="org.openqa.selenium.StaleElementReferenceException" message="stale element reference: stale element not found
  (Session info: chrome=137.0.7151.104)
For documentation on this error, please visit: https://www.selenium.dev/documentation/webdriver/troubleshooting/errors#stale-element-reference-exception
Build info: version: &amp;apos;4.26.0&amp;apos;, revision: &amp;apos;8ccf0219d7&amp;apos;
System info: os.name: &amp;apos;Windows 11&amp;apos;, os.arch: &amp;apos;amd64&amp;apos;, os.version: &amp;apos;10.0&amp;apos;, java.version: &amp;apos;20.0.2&amp;apos;
Driver info: org.openqa.selenium.chrome.ChromeDriver
Command: [089464212309a694bd76c22d26b0c7a0, clearElement {id=f.908F164FC9A40B7B075E42EE8C8534BC.d.E966AC7C9341C03C0EFFEDF6D6FA0224.e.586}]
Capabilities {acceptInsecureCerts: false, browserName: chrome, browserVersion: 137.0.7151.104, chrome: {chromedriverVersion: 137.0.7151.119 (e0ac9d12dff..., userDataDir: C:\Users\AMANSI~1\AppData\L...}, fedcm:accounts: true, goog:chromeOptions: {debuggerAddress: localhost:53997}, networkConnectionEnabled: false, pageLoadStrategy: normal, platformName: windows, proxy: Proxy(), se:cdp: ws://localhost:53997/devtoo..., se:cdpVersion: 137.0.7151.104, setWindowRect: true, strictFileInteractability: false, timeouts: {implicit: 0, pageLoad: 300000, script: 30000}, unhandledPromptBehavior: dismiss and notify, webauthn:extension:credBlob: true, webauthn:extension:largeBlob: true, webauthn:extension:minPinLength: true, webauthn:extension:prf: true, webauthn:virtualAuthenticators: true}
Element: [[ChromeDriver: chrome on windows (089464212309a694bd76c22d26b0c7a0)] -&amp;gt; id: Email]
Session ID: 089464212309a694bd76c22d26b0c7a0">
      <![CDATA[org.openqa.selenium.StaleElementReferenceException: stale element reference: stale element not found
  (Session info: chrome=137.0.7151.104)
For documentation on this error, please visit: https://www.selenium.dev/documentation/webdriver/troubleshooting/errors#stale-element-reference-exception
Build info: version: '4.26.0', revision: '8ccf0219d7'
System info: os.name: 'Windows 11', os.arch: 'amd64', os.version: '10.0', java.version: '20.0.2'
Driver info: org.openqa.selenium.chrome.ChromeDriver
Command: [089464212309a694bd76c22d26b0c7a0, clearElement {id=f.908F164FC9A40B7B075E42EE8C8534BC.d.E966AC7C9341C03C0EFFEDF6D6FA0224.e.586}]
Capabilities {acceptInsecureCerts: false, browserName: chrome, browserVersion: 137.0.7151.104, chrome: {chromedriverVersion: 137.0.7151.119 (e0ac9d12dff..., userDataDir: C:\Users\AMANSI~1\AppData\L...}, fedcm:accounts: true, goog:chromeOptions: {debuggerAddress: localhost:53997}, networkConnectionEnabled: false, pageLoadStrategy: normal, platformName: windows, proxy: Proxy(), se:cdp: ws://localhost:53997/devtoo..., se:cdpVersion: 137.0.7151.104, setWindowRect: true, strictFileInteractability: false, timeouts: {implicit: 0, pageLoad: 300000, script: 30000}, unhandledPromptBehavior: dismiss and notify, webauthn:extension:credBlob: true, webauthn:extension:largeBlob: true, webauthn:extension:minPinLength: true, webauthn:extension:prf: true, webauthn:virtualAuthenticators: true}
Element: [[ChromeDriver: chrome on windows (089464212309a694bd76c22d26b0c7a0)] -> id: Email]
Session ID: 089464212309a694bd76c22d26b0c7a0
at org.openqa.selenium.remote.ErrorCodec.decode(ErrorCodec.java:167)
at org.openqa.selenium.remote.codec.w3c.W3CHttpResponseCodec.decode(W3CHttpResponseCodec.java:138)
at org.openqa.selenium.remote.codec.w3c.W3CHttpResponseCodec.decode(W3CHttpResponseCodec.java:50)
at org.openqa.selenium.remote.HttpCommandExecutor.execute(HttpCommandExecutor.java:190)
at org.openqa.selenium.remote.service.DriverCommandExecutor.invokeExecute(DriverCommandExecutor.java:216)
at org.openqa.selenium.remote.service.DriverCommandExecutor.execute(DriverCommandExecutor.java:174)
at org.openqa.selenium.remote.RemoteWebDriver.execute(RemoteWebDriver.java:545)
at org.openqa.selenium.remote.RemoteWebElement.execute(RemoteWebElement.java:223)
at org.openqa.selenium.remote.RemoteWebElement.clear(RemoteWebElement.java:129)
at org.openqa.selenium.support.pagefactory.internal.LocatingElementHandler.invoke(LocatingElementHandler.java:51)
at jdk.proxy2/jdk.proxy2.$Proxy18.clear(Unknown Source)
at com.Ecommerce.ObjectRepository.LoginPage.invalidloginFunctionality(LoginPage.java:38)
at com.Ecommerce.login.InvalidLoginFunctionalityTest.invalidLoginTest(InvalidLoginFunctionalityTest.java:27)
... Removed 28 stack frames]]>
    </failure>
  </testcase> <!-- invalidLoginTest -->
  <testcase classname="com.Ecommerce.login.InvalidLoginFunctionalityTest" name="invalidLoginTest" time="2.164"/>
  <testcase classname="com.Ecommerce.login.InvalidLoginFunctionalityTest" name="invalidLoginTest" time="1.608"/>
  <testcase classname="com.Ecommerce.login.InvalidLoginFunctionalityTest" name="invalidLoginTest" time="1.496"/>
  <testcase classname="com.Ecommerce.login.InvalidLoginFunctionalityTest" name="invalidLoginTest" time="1.583"/>
  <testcase classname="com.Ecommerce.login.InvalidLoginFunctionalityTest" name="invalidLoginTest" time="1.588"/>
  <testcase classname="com.Ecommerce.login.InvalidLoginFunctionalityTest" name="invalidLoginTest" time="1.386"/>
  <testcase classname="com.Ecommerce.login.InvalidLoginFunctionalityTest" name="invalidLoginTest" time="1.462"/>
  <testcase classname="com.Ecommerce.login.InvalidLoginFunctionalityTest" name="invalidLoginTest" time="1.478"/>
  <testcase classname="com.Ecommerce.login.InvalidLoginFunctionalityTest" name="invalidLoginTest" time="1.781"/>
  <testcase classname="com.Ecommerce.login.InvalidLoginFunctionalityTest" name="invalidLoginTest" time="1.538"/>
  <testcase classname="com.Ecommerce.GenericLibrary.BaseTest" name="@BeforeSuite toConnectServer" time="0.0">
    <ignored/>
  </testcase> <!-- @BeforeSuite toConnectServer -->
  <testcase classname="com.Ecommerce.GenericLibrary.BaseTest" name="@BeforeSuite toConnectServer" time="0.0">
    <ignored/>
  </testcase> <!-- @BeforeSuite toConnectServer -->
  <testcase classname="com.Ecommerce.GenericLibrary.BaseTest" name="@BeforeTest toConnectDatabase" time="0.0">
    <ignored/>
  </testcase> <!-- @BeforeTest toConnectDatabase -->
  <testcase classname="com.Ecommerce.GenericLibrary.BaseTest" name="@BeforeTest toConnectDatabase" time="0.0">
    <ignored/>
  </testcase> <!-- @BeforeTest toConnectDatabase -->
  <testcase classname="com.Ecommerce.GenericLibrary.BaseTest" name="@AfterSuite closeServer" time="0.0">
    <ignored/>
  </testcase> <!-- @AfterSuite closeServer -->
  <testcase classname="com.Ecommerce.GenericLibrary.BaseTest" name="@AfterSuite closeServer" time="0.0">
    <ignored/>
  </testcase> <!-- @AfterSuite closeServer -->
  <testcase classname="com.Ecommerce.GenericLibrary.BaseTest" name="@AfterTest closeDatabase" time="0.0">
    <ignored/>
  </testcase> <!-- @AfterTest closeDatabase -->
  <testcase classname="com.Ecommerce.GenericLibrary.BaseTest" name="@AfterTest closeDatabase" time="0.0">
    <ignored/>
  </testcase> <!-- @AfterTest closeDatabase -->
</testsuite> <!-- Test -->
